<?xml version="1.0" encoding="UTF-8"?>
<!-- Generated by org.testng.reporters.JUnitXMLReporter -->
<testsuite ignored="0" hostname="DESKTOP-UBR0902" failures="1" tests="10" name="FirefoxTest" time="11.24" errors="0" timestamp="2022-06-06T22:10:16 CDT">
  <testcase classname="com.dsportal.qa.testcases.HomePageTest" name="HomepgtitleValidationTest" time="0.025"/>
  <testcase classname="com.dsportal.qa.testcases.HomePageTest" name="clickonDropdownTest" time="0.278"/>
  <testcase classname="com.dsportal.qa.testcases.HomePageTest" name="ClickWithoutLoginTest" time="0.338"/>
  <testcase classname="com.dsportal.qa.testcases.HomePageTest" name="OpenRegPageTest" time="0.25"/>
  <testcase classname="com.dsportal.qa.testcases.HomePageTest" name="ConfirmRegitrationTest" time="0.382">
    <failure type="java.lang.AssertionError" message="expected [New Account Created. You are logged in as SDETAutomation3355] but found [password_mismatch:The two password fields didn’t match.]">
      <![CDATA[java.lang.AssertionError: expected [New Account Created. You are logged in as SDETAutomation3355] but found [password_mismatch:The two password fields didn’t match.]
at com.dsportal.qa.testcases.HomePageTest.ConfirmRegitrationTest(HomePageTest.java:90)
at java.base/java.util.ArrayList.forEach(ArrayList.java:1511)
at java.base/java.util.concurrent.FutureTask.run(FutureTask.java:264)
at java.base/java.util.concurrent.ThreadPoolExecutor.runWorker(ThreadPoolExecutor.java:1136)
at java.base/java.util.concurrent.ThreadPoolExecutor$Worker.run(ThreadPoolExecutor.java:635)
at java.base/java.lang.Thread.run(Thread.java:833)
... Removed 24 stack frames]]>
    </failure>
  </testcase> <!-- ConfirmRegitrationTest -->
  <testcase classname="com.dsportal.qa.testcases.HomePageTest" name="OpenSignInPageTest" time="0.155"/>
  <testcase classname="com.dsportal.qa.testcases.HomePageTest" name="UserSigninValidationTest" time="0.555"/>
  <testcase classname="com.dsportal.qa.testcases.HomePageTest" name="VerifyUsernameTest" time="0.014"/>
  <testcase classname="com.dsportal.qa.testcases.HomePageTest" name="OpenQueuePgTest" time="0.386"/>
  <testcase classname="com.dsportal.qa.testcases.HomePageTest" name="OpenTreePgTest" time="0.309"/>
</testsuite> <!-- FirefoxTest -->
